Get loader
Files already downloaded and verified
x shape is (4096, 32, 32, 3)
DONE
Time spent for ggn: 55.453009366989136
Get loader
Files already downloaded and verified
x shape is (4096, 32, 32, 3)
DONE
Time spent for ggn: 55.45318603515625
Get loader
Files already downloaded and verified
x shape is (4096, 32, 32, 3)
DONE
Time spent for ggn: 55.44853186607361
Get loader
Files already downloaded and verified
x shape is (4096, 32, 32, 3)
DONE
Time spent for ggn: 55.45185303688049
Get loader
Files already downloaded and verified
x shape is (4096, 32, 32, 3)
DONE
Time spent for ggn: 55.471269845962524
Get loader
Files already downloaded and verified
x shape is (4096, 32, 32, 3)
DONE
Time spent for ggn: 55.44901442527771
Get loader
Files already downloaded and verified
x shape is (4096, 32, 32, 3)
DONE
Time spent for ggn: 55.45281672477722
Get loader
Files already downloaded and verified
x shape is (4096, 32, 32, 3)
DONE
Time spent for ggn: 55.473150968551636
Get loader
Files already downloaded and verified
x shape is (4096, 32, 32, 3)
DONE
Time spent for ggn: 55.45272994041443
Get loader
Files already downloaded and verified
x shape is (4096, 32, 32, 3)
DONE
Time spent for ggn: 55.4724645614624
Get loader
Files already downloaded and verified
x shape is (4096, 32, 32, 3)
DONE
Time spent for ggn: 55.47329807281494
Get loader
Files already downloaded and verified
x shape is (4096, 32, 32, 3)
DONE
Time spent for ggn: 55.47411298751831
Get loader
Files already downloaded and verified
x shape is (4096, 32, 32, 3)
DONE
Time spent for ggn: 55.472766160964966
Get loader
Files already downloaded and verified
x shape is (4096, 32, 32, 3)
DONE
Time spent for ggn: 55.47266745567322
Get loader
Files already downloaded and verified
x shape is (4096, 32, 32, 3)
DONE
Time spent for ggn: 55.45709729194641
Get loader
Files already downloaded and verified
x shape is (4096, 32, 32, 3)
DONE
Time spent for ggn: 55.477590799331665
