Get loader
Files already downloaded and verified
x shape is (40000, 32, 32, 3)
DONE
Time spent for ggn: 73.00668787956238
Get loader
Files already downloaded and verified
x shape is (40000, 32, 32, 3)
DONE
Time spent for ggn: 73.01171255111694
Get loader
Files already downloaded and verified
x shape is (40000, 32, 32, 3)
DONE
Time spent for ggn: 73.00798416137695
Get loader
Files already downloaded and verified
x shape is (40000, 32, 32, 3)
DONE
Time spent for ggn: 73.00685691833496
Get loader
Files already downloaded and verified
x shape is (40000, 32, 32, 3)
DONE
Time spent for ggn: 73.00778341293335
Get loader
Files already downloaded and verified
x shape is (40000, 32, 32, 3)
DONE
Time spent for ggn: 73.0131402015686
Get loader
Files already downloaded and verified
x shape is (40000, 32, 32, 3)
DONE
Time spent for ggn: 73.0032320022583
Get loader
Files already downloaded and verified
x shape is (40000, 32, 32, 3)
DONE
Time spent for ggn: 73.00774478912354
Get loader
Files already downloaded and verified
x shape is (40000, 32, 32, 3)
DONE
Time spent for ggn: 73.0086281299591
Get loader
Files already downloaded and verified
x shape is (40000, 32, 32, 3)
DONE
Time spent for ggn: 73.01357769966125
Get loader
Files already downloaded and verified
x shape is (40000, 32, 32, 3)
DONE
Time spent for ggn: 73.01489877700806
Get loader
Files already downloaded and verified
x shape is (40000, 32, 32, 3)
DONE
Time spent for ggn: 73.0012879371643
Get loader
Files already downloaded and verified
x shape is (40000, 32, 32, 3)
DONE
Time spent for ggn: 73.00359845161438
Get loader
Files already downloaded and verified
x shape is (40000, 32, 32, 3)
DONE
Time spent for ggn: 73.01417231559753
Get loader
Files already downloaded and verified
x shape is (40000, 32, 32, 3)
DONE
Time spent for ggn: 73.0069932937622
Get loader
Files already downloaded and verified
x shape is (40000, 32, 32, 3)
DONE
Time spent for ggn: 73.01906943321228
