Get loader
Files already downloaded and verified
x shape is (40000, 32, 32, 3)
DONE
Time spent for ggn: 65.45324277877808
Get loader
Files already downloaded and verified
x shape is (40000, 32, 32, 3)
DONE
Time spent for ggn: 65.45386338233948
Get loader
Files already downloaded and verified
x shape is (40000, 32, 32, 3)
DONE
Time spent for ggn: 65.45753288269043
Get loader
Files already downloaded and verified
x shape is (40000, 32, 32, 3)
DONE
Time spent for ggn: 65.45852422714233
Get loader
Files already downloaded and verified
x shape is (40000, 32, 32, 3)
DONE
Time spent for ggn: 65.45930123329163
Get loader
Files already downloaded and verified
x shape is (40000, 32, 32, 3)
DONE
Time spent for ggn: 65.45648550987244
Get loader
Files already downloaded and verified
x shape is (40000, 32, 32, 3)
DONE
Time spent for ggn: 65.45736193656921
Get loader
Files already downloaded and verified
x shape is (40000, 32, 32, 3)
DONE
Time spent for ggn: 65.45697331428528
Get loader
Files already downloaded and verified
x shape is (40000, 32, 32, 3)
DONE
Time spent for ggn: 65.4580945968628
Get loader
Files already downloaded and verified
x shape is (40000, 32, 32, 3)
DONE
Time spent for ggn: 65.45724844932556
Get loader
Files already downloaded and verified
x shape is (40000, 32, 32, 3)
DONE
Time spent for ggn: 65.4628574848175
Get loader
Files already downloaded and verified
x shape is (40000, 32, 32, 3)
DONE
Time spent for ggn: 65.45873355865479
Get loader
Files already downloaded and verified
x shape is (40000, 32, 32, 3)
DONE
Time spent for ggn: 65.45963454246521
Get loader
Files already downloaded and verified
x shape is (40000, 32, 32, 3)
DONE
Time spent for ggn: 65.45121693611145
Get loader
Files already downloaded and verified
x shape is (40000, 32, 32, 3)
DONE
Time spent for ggn: 65.45980215072632
Get loader
Files already downloaded and verified
x shape is (40000, 32, 32, 3)
DONE
Time spent for ggn: 65.46121621131897
